Using pre-set license
Built from '2021.1/release' branch; Version is '2021.1.0f1 (61a549675243) revision 6399305'; Using compiler version '192528614'; Build Type 'Release'
OS: 'Windows 10 Home Single Language; OS build 19043.1415; Version 2009; 64bit' Language: 'en' Physical Memory: 8108 MB
BatchMode: 1, IsHumanControllingUs: 0, StartBugReporterOnCrash: 0, Is64bit: 1, IsPro: 0

 COMMAND LINE ARGUMENTS:
D:\unity\2021.1.0f1\Editor\Unity.exe
-adb2
-batchMode
-noUpm
-name
AssetImportWorker0
-projectPath
D:/UNIKA/semester 5/kecerdasan buatan/UAS/uasai_3_14
-logFile
Logs/AssetImportWorker0.log
-srvPort
55021
Successfully changed project path to: D:/UNIKA/semester 5/kecerdasan buatan/UAS/uasai_3_14
D:/UNIKA/semester 5/kecerdasan buatan/UAS/uasai_3_14
Using Asset Import Pipeline V2.
Refreshing native plugins compatible for Editor in 40.45 ms, found 1 plugins.
Preloading 0 native plugins for Editor in 0.00 ms.
Initialize engine version: 2021.1.0f1 (61a549675243)
[Subsystems] Discovering subsystems at path D:/unity/2021.1.0f1/Editor/Data/Resources/UnitySubsystems
[Subsystems] Discovering subsystems at path D:/UNIKA/semester 5/kecerdasan buatan/UAS/uasai_3_14/Assets
GfxDevice: creating device client; threaded=0; jobified=0
Direct3D:
    Version:  Direct3D 11.0 [level 11.0]
    Renderer: NVIDIA GeForce 940MX (ID=0x134d)
    Vendor:   NVIDIA
    VRAM:     2010 MB
    Driver:   30.0.14.9729
Initialize mono
Mono path[0] = 'D:/unity/2021.1.0f1/Editor/Data/Managed'
Mono path[1] = 'D:/unity/2021.1.0f1/Editor/Data/MonoBleedingEdge/lib/mono/unityjit'
Mono config path = 'D:/unity/2021.1.0f1/Editor/Data/MonoBleedingEdge/etc'
Using monoOptions --debugger-agent=transport=dt_socket,embedding=1,server=y,suspend=n,address=127.0.0.1:56304
Begin MonoManager ReloadAssembly
Registering precompiled unity dll's ...
Register platform support module: D:/unity/2021.1.0f1/Editor/Data/PlaybackEngines/WindowsStandaloneSupport/UnityEditor.WindowsStandalone.Extensions.dll
Registered in 0.001853 seconds.
Native extension for WindowsStandalone target not found
Refreshing native plugins compatible for Editor in 156.27 ms, found 1 plugins.
Preloading 0 native plugins for Editor in 0.00 ms.
Mono: successfully reloaded assembly
- Completed reload, in  3.235 seconds
Platform modules already initialized, skipping
Registering precompiled user dll's ...
Registered in 0.002957 seconds.
Begin MonoManager ReloadAssembly
Native extension for WindowsStandalone target not found
Refreshing native plugins compatible for Editor in 66.03 ms, found 1 plugins.
Preloading 0 native plugins for Editor in 0.00 ms.
Mono: successfully reloaded assembly
- Completed reload, in  2.299 seconds
Platform modules already initialized, skipping
========================================================================
Worker process is ready to serve import requests
Launched and connected shader compiler UnityShaderCompiler.exe after 0.07 seconds
Refreshing native plugins compatible for Editor in 0.42 ms, found 1 plugins.
Preloading 0 native plugins for Editor in 0.00 ms.
Unloading 1835 Unused Serialized files (Serialized files now loaded: 0)
System memory in use before: 87.3 MB.
System memory in use after: 87.3 MB.

Unloading 24 unused Assets to reduce memory usage. Loaded Objects now: 2294.
Total: 5.164700 ms (FindLiveObjects: 0.740200 ms CreateObjectMapping: 0.155900 ms MarkObjects: 4.011700 ms  DeleteObjects: 0.253600 ms)

========================================================================
Received Import Request.
  path: Assets/useless/script/Heart.cs
  artifactKey: Guid(52402e31b924a8247bc1dfeed0aa848f) Importer(815301076,1909f56bfc062723c751e8b465ee728b)
Start importing Assets/useless/script/Heart.cs using Guid(52402e31b924a8247bc1dfeed0aa848f) Importer(815301076,1909f56bfc062723c751e8b465ee728b)  -> (artifact id: '60a4c5a2180f7043851297cee2c53d5a') in 0.385969 seconds 
========================================================================
Received Prepare
Registering precompiled user dll's ...
Registered in 0.001922 seconds.
Begin MonoManager ReloadAssembly
Native extension for WindowsStandalone target not found
Refreshing native plugins compatible for Editor in 0.92 ms, found 1 plugins.
Preloading 0 native plugins for Editor in 0.00 ms.
Mono: successfully reloaded assembly
- Completed reload, in  2.043 seconds
Platform modules already initialized, skipping
Refreshing native plugins compatible for Editor in 0.54 ms, found 1 plugins.
Preloading 0 native plugins for Editor in 0.00 ms.
Unloading 1831 Unused Serialized files (Serialized files now loaded: 0)
System memory in use before: 87.3 MB.
System memory in use after: 87.3 MB.

Unloading 12 unused Assets to reduce memory usage. Loaded Objects now: 2299.
Total: 2.872700 ms (FindLiveObjects: 0.316300 ms CreateObjectMapping: 0.143600 ms MarkObjects: 2.301000 ms  DeleteObjects: 0.110300 ms)

========================================================================
Received Prepare
Registering precompiled user dll's ...
Registered in 0.001368 seconds.
Begin MonoManager ReloadAssembly
Native extension for WindowsStandalone target not found
Refreshing native plugins compatible for Editor in 0.42 ms, found 1 plugins.
Preloading 0 native plugins for Editor in 0.00 ms.
Mono: successfully reloaded assembly
- Completed reload, in  1.361 seconds
Platform modules already initialized, skipping
Refreshing native plugins compatible for Editor in 0.42 ms, found 1 plugins.
Preloading 0 native plugins for Editor in 0.00 ms.
Unloading 1831 Unused Serialized files (Serialized files now loaded: 0)
System memory in use before: 87.3 MB.
System memory in use after: 87.3 MB.

Unloading 12 unused Assets to reduce memory usage. Loaded Objects now: 2303.
Total: 3.001200 ms (FindLiveObjects: 0.249800 ms CreateObjectMapping: 0.080800 ms MarkObjects: 2.555100 ms  DeleteObjects: 0.114000 ms)

========================================================================
Received Import Request.
  Time since last request: 46.889680 seconds.
  path: Assets/useless/script/Heart.cs
  artifactKey: Guid(52402e31b924a8247bc1dfeed0aa848f) Importer(815301076,1909f56bfc062723c751e8b465ee728b)
Start importing Assets/useless/script/Heart.cs using Guid(52402e31b924a8247bc1dfeed0aa848f) Importer(815301076,1909f56bfc062723c751e8b465ee728b)  -> (artifact id: 'a608901a80d0a27a018485d666b9ec45') in 0.014656 seconds 
========================================================================
Received Prepare
Registering precompiled user dll's ...
Registered in 0.002489 seconds.
Begin MonoManager ReloadAssembly
Native extension for WindowsStandalone target not found
Refreshing native plugins compatible for Editor in 0.40 ms, found 1 plugins.
Preloading 0 native plugins for Editor in 0.00 ms.
Mono: successfully reloaded assembly
- Completed reload, in  2.037 seconds
Platform modules already initialized, skipping
Refreshing native plugins compatible for Editor in 5.66 ms, found 1 plugins.
Preloading 0 native plugins for Editor in 0.00 ms.
Unloading 1831 Unused Serialized files (Serialized files now loaded: 0)
System memory in use before: 87.4 MB.
System memory in use after: 87.4 MB.

Unloading 12 unused Assets to reduce memory usage. Loaded Objects now: 2307.
Total: 8.881700 ms (FindLiveObjects: 3.918000 ms CreateObjectMapping: 0.228000 ms MarkObjects: 4.264600 ms  DeleteObjects: 0.468000 ms)

========================================================================
Received Prepare
Registering precompiled user dll's ...
Registered in 0.001306 seconds.
Begin MonoManager ReloadAssembly
Native extension for WindowsStandalone target not found
Refreshing native plugins compatible for Editor in 0.44 ms, found 1 plugins.
Preloading 0 native plugins for Editor in 0.00 ms.
Mono: successfully reloaded assembly
- Completed reload, in  1.781 seconds
Platform modules already initialized, skipping
Refreshing native plugins compatible for Editor in 0.54 ms, found 1 plugins.
Preloading 0 native plugins for Editor in 0.00 ms.
Unloading 1831 Unused Serialized files (Serialized files now loaded: 0)
System memory in use before: 87.4 MB.
System memory in use after: 87.4 MB.

Unloading 12 unused Assets to reduce memory usage. Loaded Objects now: 2311.
Total: 2.901200 ms (FindLiveObjects: 0.221100 ms CreateObjectMapping: 0.086200 ms MarkObjects: 2.478300 ms  DeleteObjects: 0.114200 ms)

========================================================================
Received Prepare
Registering precompiled user dll's ...
Registered in 0.001988 seconds.
Begin MonoManager ReloadAssembly
Native extension for WindowsStandalone target not found
Refreshing native plugins compatible for Editor in 0.44 ms, found 1 plugins.
Preloading 0 native plugins for Editor in 0.00 ms.
Mono: successfully reloaded assembly
- Completed reload, in  1.740 seconds
Platform modules already initialized, skipping
Refreshing native plugins compatible for Editor in 0.39 ms, found 1 plugins.
Preloading 0 native plugins for Editor in 0.00 ms.
Unloading 1831 Unused Serialized files (Serialized files now loaded: 0)
System memory in use before: 87.4 MB.
System memory in use after: 87.4 MB.

Unloading 12 unused Assets to reduce memory usage. Loaded Objects now: 2315.
Total: 2.794000 ms (FindLiveObjects: 0.291500 ms CreateObjectMapping: 0.092300 ms MarkObjects: 2.296000 ms  DeleteObjects: 0.112900 ms)

========================================================================
Received Prepare
Registering precompiled user dll's ...
Registered in 0.018015 seconds.
Begin MonoManager ReloadAssembly
Native extension for WindowsStandalone target not found
Refreshing native plugins compatible for Editor in 0.39 ms, found 1 plugins.
Preloading 0 native plugins for Editor in 0.00 ms.
Mono: successfully reloaded assembly
- Completed reload, in  1.954 seconds
Platform modules already initialized, skipping
Refreshing native plugins compatible for Editor in 0.40 ms, found 1 plugins.
Preloading 0 native plugins for Editor in 0.00 ms.
Unloading 1831 Unused Serialized files (Serialized files now loaded: 0)
System memory in use before: 87.4 MB.
System memory in use after: 87.4 MB.

Unloading 12 unused Assets to reduce memory usage. Loaded Objects now: 2319.
Total: 24.213300 ms (FindLiveObjects: 0.231400 ms CreateObjectMapping: 0.122100 ms MarkObjects: 23.694700 ms  DeleteObjects: 0.162000 ms)

========================================================================
Received Prepare
Registering precompiled user dll's ...
Registered in 0.001901 seconds.
Begin MonoManager ReloadAssembly
Native extension for WindowsStandalone target not found
Refreshing native plugins compatible for Editor in 0.43 ms, found 1 plugins.
Preloading 0 native plugins for Editor in 0.00 ms.
Mono: successfully reloaded assembly
- Completed reload, in  1.796 seconds
Platform modules already initialized, skipping
Refreshing native plugins compatible for Editor in 0.70 ms, found 1 plugins.
Preloading 0 native plugins for Editor in 0.00 ms.
Unloading 1831 Unused Serialized files (Serialized files now loaded: 0)
System memory in use before: 87.4 MB.
System memory in use after: 87.4 MB.

Unloading 12 unused Assets to reduce memory usage. Loaded Objects now: 2323.
Total: 3.114100 ms (FindLiveObjects: 0.437500 ms CreateObjectMapping: 0.136400 ms MarkObjects: 2.366200 ms  DeleteObjects: 0.169900 ms)

========================================================================
Received Prepare
Registering precompiled user dll's ...
Registered in 0.002184 seconds.
Begin MonoManager ReloadAssembly
Native extension for WindowsStandalone target not found
Refreshing native plugins compatible for Editor in 0.67 ms, found 1 plugins.
Preloading 0 native plugins for Editor in 0.00 ms.
Mono: successfully reloaded assembly
- Completed reload, in  1.605 seconds
Platform modules already initialized, skipping
Refreshing native plugins compatible for Editor in 0.45 ms, found 1 plugins.
Preloading 0 native plugins for Editor in 0.00 ms.
Unloading 1831 Unused Serialized files (Serialized files now loaded: 0)
System memory in use before: 87.4 MB.
System memory in use after: 87.4 MB.

Unloading 12 unused Assets to reduce memory usage. Loaded Objects now: 2327.
Total: 3.774200 ms (FindLiveObjects: 0.360100 ms CreateObjectMapping: 0.182700 ms MarkObjects: 3.097700 ms  DeleteObjects: 0.131600 ms)

========================================================================
Received Import Request.
  Time since last request: 603.512056 seconds.
  path: Assets/useless/prefab/Player.prefab
  artifactKey: Guid(627c4360c6972914fb7dd629af9c48b6) Importer(815301076,1909f56bfc062723c751e8b465ee728b)
Start importing Assets/useless/prefab/Player.prefab using Guid(627c4360c6972914fb7dd629af9c48b6) Importer(815301076,1909f56bfc062723c751e8b465ee728b)  -> (artifact id: '3a8bd84824258cb9e79eb3e70626021a') in 0.871904 seconds 
========================================================================
Received Prepare
Registering precompiled user dll's ...
Registered in 0.002189 seconds.
Begin MonoManager ReloadAssembly
Native extension for WindowsStandalone target not found
Refreshing native plugins compatible for Editor in 0.98 ms, found 1 plugins.
Preloading 0 native plugins for Editor in 0.00 ms.
Mono: successfully reloaded assembly
- Completed reload, in  1.746 seconds
Platform modules already initialized, skipping
Refreshing native plugins compatible for Editor in 0.50 ms, found 1 plugins.
Preloading 0 native plugins for Editor in 0.00 ms.
Unloading 1831 Unused Serialized files (Serialized files now loaded: 0)
System memory in use before: 91.2 MB.
System memory in use after: 91.2 MB.

Unloading 12 unused Assets to reduce memory usage. Loaded Objects now: 2338.
Total: 3.539500 ms (FindLiveObjects: 0.224000 ms CreateObjectMapping: 0.147900 ms MarkObjects: 3.038300 ms  DeleteObjects: 0.127500 ms)

========================================================================
Received Import Request.
  Time since last request: 7.381060 seconds.
  path: Assets/useless/prefab/heart.prefab
  artifactKey: Guid(039f2dce60976364d858e8064da28114) Importer(815301076,1909f56bfc062723c751e8b465ee728b)
Start importing Assets/useless/prefab/heart.prefab using Guid(039f2dce60976364d858e8064da28114) Importer(815301076,1909f56bfc062723c751e8b465ee728b)  -> (artifact id: 'b07d242f4e5eaf498d0ec5f000989fd0') in 0.223385 seconds 
========================================================================
Received Prepare
Registering precompiled user dll's ...
Registered in 0.002362 seconds.
Begin MonoManager ReloadAssembly
Native extension for WindowsStandalone target not found
Refreshing native plugins compatible for Editor in 1.02 ms, found 1 plugins.
Preloading 0 native plugins for Editor in 0.00 ms.
Mono: successfully reloaded assembly
- Completed reload, in  1.701 seconds
Platform modules already initialized, skipping
Refreshing native plugins compatible for Editor in 0.44 ms, found 1 plugins.
Preloading 0 native plugins for Editor in 0.00 ms.
Unloading 1831 Unused Serialized files (Serialized files now loaded: 0)
System memory in use before: 91.2 MB.
System memory in use after: 91.2 MB.

Unloading 12 unused Assets to reduce memory usage. Loaded Objects now: 2343.
Total: 3.612600 ms (FindLiveObjects: 0.770200 ms CreateObjectMapping: 0.227100 ms MarkObjects: 2.456400 ms  DeleteObjects: 0.152200 ms)

========================================================================
Received Prepare
Registering precompiled user dll's ...
Registered in 0.001403 seconds.
Begin MonoManager ReloadAssembly
Native extension for WindowsStandalone target not found
Refreshing native plugins compatible for Editor in 0.42 ms, found 1 plugins.
Preloading 0 native plugins for Editor in 0.00 ms.
Mono: successfully reloaded assembly
- Completed reload, in  1.462 seconds
Platform modules already initialized, skipping
Refreshing native plugins compatible for Editor in 1.07 ms, found 1 plugins.
Preloading 0 native plugins for Editor in 0.00 ms.
Unloading 1831 Unused Serialized files (Serialized files now loaded: 0)
System memory in use before: 91.2 MB.
System memory in use after: 91.2 MB.

Unloading 12 unused Assets to reduce memory usage. Loaded Objects now: 2347.
Total: 5.666400 ms (FindLiveObjects: 0.576200 ms CreateObjectMapping: 0.214300 ms MarkObjects: 4.628200 ms  DeleteObjects: 0.243700 ms)

========================================================================
Received Prepare
Registering precompiled user dll's ...
Registered in 0.001075 seconds.
Begin MonoManager ReloadAssembly
Native extension for WindowsStandalone target not found
Refreshing native plugins compatible for Editor in 0.52 ms, found 1 plugins.
Preloading 0 native plugins for Editor in 0.00 ms.
Mono: successfully reloaded assembly
- Completed reload, in  1.627 seconds
Platform modules already initialized, skipping
Refreshing native plugins compatible for Editor in 0.47 ms, found 1 plugins.
Preloading 0 native plugins for Editor in 0.00 ms.
Unloading 1831 Unused Serialized files (Serialized files now loaded: 0)
System memory in use before: 91.3 MB.
System memory in use after: 91.2 MB.

Unloading 12 unused Assets to reduce memory usage. Loaded Objects now: 2351.
Total: 3.137900 ms (FindLiveObjects: 0.267500 ms CreateObjectMapping: 0.118500 ms MarkObjects: 2.638400 ms  DeleteObjects: 0.111600 ms)

========================================================================
Received Prepare
Registering precompiled user dll's ...
Registered in 0.001067 seconds.
Begin MonoManager ReloadAssembly
Native extension for WindowsStandalone target not found
Refreshing native plugins compatible for Editor in 0.57 ms, found 1 plugins.
Preloading 0 native plugins for Editor in 0.00 ms.
Mono: successfully reloaded assembly
- Completed reload, in  1.633 seconds
Platform modules already initialized, skipping
Refreshing native plugins compatible for Editor in 1.08 ms, found 1 plugins.
Preloading 0 native plugins for Editor in 0.00 ms.
Unloading 1832 Unused Serialized files (Serialized files now loaded: 0)
System memory in use before: 91.3 MB.
System memory in use after: 91.3 MB.

Unloading 12 unused Assets to reduce memory usage. Loaded Objects now: 2356.
Total: 6.625300 ms (FindLiveObjects: 0.600400 ms CreateObjectMapping: 0.218800 ms MarkObjects: 4.717100 ms  DeleteObjects: 1.083300 ms)

========================================================================
Received Import Request.
  Time since last request: 383.288239 seconds.
  path: Assets/useless/script/Enemycollide.cs
  artifactKey: Guid(5529e0c1cd468c148ae675578c0e8410) Importer(815301076,1909f56bfc062723c751e8b465ee728b)
Start importing Assets/useless/script/Enemycollide.cs using Guid(5529e0c1cd468c148ae675578c0e8410) Importer(815301076,1909f56bfc062723c751e8b465ee728b)  -> (artifact id: '61cb132ccc419b6df5f55356371585eb') in 0.030451 seconds 
========================================================================
Received Prepare
Registering precompiled user dll's ...
Registered in 0.002707 seconds.
Begin MonoManager ReloadAssembly
Native extension for WindowsStandalone target not found
Refreshing native plugins compatible for Editor in 0.40 ms, found 1 plugins.
Preloading 0 native plugins for Editor in 0.00 ms.
Mono: successfully reloaded assembly
- Completed reload, in  1.921 seconds
Platform modules already initialized, skipping
Refreshing native plugins compatible for Editor in 0.39 ms, found 1 plugins.
Preloading 0 native plugins for Editor in 0.00 ms.
Unloading 1832 Unused Serialized files (Serialized files now loaded: 0)
System memory in use before: 91.3 MB.
System memory in use after: 91.3 MB.

Unloading 12 unused Assets to reduce memory usage. Loaded Objects now: 2360.
Total: 3.321300 ms (FindLiveObjects: 0.367600 ms CreateObjectMapping: 0.094500 ms MarkObjects: 2.698700 ms  DeleteObjects: 0.158700 ms)

========================================================================
Received Prepare
Registering precompiled user dll's ...
Registered in 0.002368 seconds.
Begin MonoManager ReloadAssembly
Native extension for WindowsStandalone target not found
Refreshing native plugins compatible for Editor in 0.48 ms, found 1 plugins.
Preloading 0 native plugins for Editor in 0.00 ms.
Mono: successfully reloaded assembly
- Completed reload, in  1.813 seconds
Platform modules already initialized, skipping
Refreshing native plugins compatible for Editor in 0.65 ms, found 1 plugins.
Preloading 0 native plugins for Editor in 0.00 ms.
Unloading 1832 Unused Serialized files (Serialized files now loaded: 0)
System memory in use before: 91.3 MB.
System memory in use after: 91.3 MB.

Unloading 12 unused Assets to reduce memory usage. Loaded Objects now: 2364.
Total: 3.026900 ms (FindLiveObjects: 0.305200 ms CreateObjectMapping: 0.116100 ms MarkObjects: 2.484000 ms  DeleteObjects: 0.116500 ms)

========================================================================
Received Import Request.
  Time since last request: 51.678689 seconds.
  path: Assets/useless/script/Enemycollide.cs
  artifactKey: Guid(5529e0c1cd468c148ae675578c0e8410) Importer(815301076,1909f56bfc062723c751e8b465ee728b)
Start importing Assets/useless/script/Enemycollide.cs using Guid(5529e0c1cd468c148ae675578c0e8410) Importer(815301076,1909f56bfc062723c751e8b465ee728b)  -> (artifact id: '365fc755f933599f77bb530e9649bf52') in 0.007972 seconds 
========================================================================
Received Prepare
Registering precompiled user dll's ...
Registered in 0.001859 seconds.
Begin MonoManager ReloadAssembly
Native extension for WindowsStandalone target not found
Refreshing native plugins compatible for Editor in 0.42 ms, found 1 plugins.
Preloading 0 native plugins for Editor in 0.00 ms.
Mono: successfully reloaded assembly
- Completed reload, in  1.841 seconds
Platform modules already initialized, skipping
Refreshing native plugins compatible for Editor in 0.91 ms, found 1 plugins.
Preloading 0 native plugins for Editor in 0.00 ms.
Unloading 1832 Unused Serialized files (Serialized files now loaded: 0)
System memory in use before: 91.3 MB.
System memory in use after: 91.3 MB.

Unloading 12 unused Assets to reduce memory usage. Loaded Objects now: 2368.
Total: 4.176300 ms (FindLiveObjects: 0.329300 ms CreateObjectMapping: 0.134600 ms MarkObjects: 3.506800 ms  DeleteObjects: 0.203300 ms)

========================================================================
Received Prepare
Registering precompiled user dll's ...
Registered in 0.002463 seconds.
Begin MonoManager ReloadAssembly
Native extension for WindowsStandalone target not found
Refreshing native plugins compatible for Editor in 4.67 ms, found 1 plugins.
Preloading 0 native plugins for Editor in 0.00 ms.
Mono: successfully reloaded assembly
- Completed reload, in  1.860 seconds
Platform modules already initialized, skipping
Refreshing native plugins compatible for Editor in 0.68 ms, found 1 plugins.
Preloading 0 native plugins for Editor in 0.00 ms.
Unloading 1832 Unused Serialized files (Serialized files now loaded: 0)
System memory in use before: 91.3 MB.
System memory in use after: 91.3 MB.

Unloading 12 unused Assets to reduce memory usage. Loaded Objects now: 2372.
Total: 3.709900 ms (FindLiveObjects: 0.536200 ms CreateObjectMapping: 0.170400 ms MarkObjects: 2.820700 ms  DeleteObjects: 0.180400 ms)

========================================================================
Received Prepare
Registering precompiled user dll's ...
Registered in 0.001331 seconds.
Begin MonoManager ReloadAssembly
Native extension for WindowsStandalone target not found
Refreshing native plugins compatible for Editor in 0.44 ms, found 1 plugins.
Preloading 0 native plugins for Editor in 0.00 ms.
Mono: successfully reloaded assembly
- Completed reload, in  1.587 seconds
Platform modules already initialized, skipping
Refreshing native plugins compatible for Editor in 0.91 ms, found 1 plugins.
Preloading 0 native plugins for Editor in 0.00 ms.
Unloading 1832 Unused Serialized files (Serialized files now loaded: 0)
System memory in use before: 91.3 MB.
System memory in use after: 91.3 MB.

Unloading 12 unused Assets to reduce memory usage. Loaded Objects now: 2376.
Total: 4.616300 ms (FindLiveObjects: 0.309700 ms CreateObjectMapping: 0.140000 ms MarkObjects: 3.956700 ms  DeleteObjects: 0.207900 ms)

========================================================================
Received Prepare
Registering precompiled user dll's ...
Registered in 0.003827 seconds.
Begin MonoManager ReloadAssembly
Native extension for WindowsStandalone target not found
Refreshing native plugins compatible for Editor in 0.77 ms, found 1 plugins.
Preloading 0 native plugins for Editor in 0.00 ms.
Mono: successfully reloaded assembly
- Completed reload, in  1.942 seconds
Platform modules already initialized, skipping
Refreshing native plugins compatible for Editor in 0.67 ms, found 1 plugins.
Preloading 0 native plugins for Editor in 0.00 ms.
Unloading 1832 Unused Serialized files (Serialized files now loaded: 0)
System memory in use before: 91.3 MB.
System memory in use after: 91.3 MB.

Unloading 12 unused Assets to reduce memory usage. Loaded Objects now: 2380.
Total: 2.964100 ms (FindLiveObjects: 0.274900 ms CreateObjectMapping: 0.142400 ms MarkObjects: 2.426900 ms  DeleteObjects: 0.118400 ms)

========================================================================
Received Prepare
Registering precompiled user dll's ...
Registered in 0.001345 seconds.
Begin MonoManager ReloadAssembly
Native extension for WindowsStandalone target not found
Refreshing native plugins compatible for Editor in 0.41 ms, found 1 plugins.
Preloading 0 native plugins for Editor in 0.00 ms.
Mono: successfully reloaded assembly
- Completed reload, in  1.729 seconds
Platform modules already initialized, skipping
Refreshing native plugins compatible for Editor in 1.19 ms, found 1 plugins.
Preloading 0 native plugins for Editor in 0.00 ms.
Unloading 1832 Unused Serialized files (Serialized files now loaded: 0)
System memory in use before: 91.4 MB.
System memory in use after: 91.3 MB.

Unloading 12 unused Assets to reduce memory usage. Loaded Objects now: 2384.
Total: 2.707700 ms (FindLiveObjects: 0.215500 ms CreateObjectMapping: 0.100600 ms MarkObjects: 2.279000 ms  DeleteObjects: 0.111400 ms)

========================================================================
Received Import Request.
  Time since last request: 170.954725 seconds.
  path: Assets/useless/prefab/enemybot1.prefab
  artifactKey: Guid(6002f88aa52f5fb4ba6350820c8a1e28) Importer(815301076,1909f56bfc062723c751e8b465ee728b)
Start importing Assets/useless/prefab/enemybot1.prefab using Guid(6002f88aa52f5fb4ba6350820c8a1e28) Importer(815301076,1909f56bfc062723c751e8b465ee728b)  -> (artifact id: 'ed807ceff023859577dc673d90ccd820') in 0.112473 seconds 
========================================================================
Received Prepare
Registering precompiled user dll's ...
Registered in 0.031464 seconds.
Begin MonoManager ReloadAssembly
Native extension for WindowsStandalone target not found
Refreshing native plugins compatible for Editor in 0.41 ms, found 1 plugins.
Preloading 0 native plugins for Editor in 0.00 ms.
Mono: successfully reloaded assembly
- Completed reload, in  1.682 seconds
Platform modules already initialized, skipping
Refreshing native plugins compatible for Editor in 1.54 ms, found 1 plugins.
Preloading 0 native plugins for Editor in 0.00 ms.
Unloading 1832 Unused Serialized files (Serialized files now loaded: 0)
System memory in use before: 91.4 MB.
System memory in use after: 91.4 MB.

Unloading 12 unused Assets to reduce memory usage. Loaded Objects now: 2389.
Total: 5.390800 ms (FindLiveObjects: 0.381200 ms CreateObjectMapping: 0.513100 ms MarkObjects: 4.295400 ms  DeleteObjects: 0.198800 ms)

========================================================================
Received Prepare
Registering precompiled user dll's ...
Registered in 0.002390 seconds.
Begin MonoManager ReloadAssembly
Native extension for WindowsStandalone target not found
Refreshing native plugins compatible for Editor in 0.97 ms, found 1 plugins.
Preloading 0 native plugins for Editor in 0.00 ms.
Mono: successfully reloaded assembly
- Completed reload, in  1.899 seconds
Platform modules already initialized, skipping
Refreshing native plugins compatible for Editor in 0.71 ms, found 1 plugins.
Preloading 0 native plugins for Editor in 0.00 ms.
Unloading 1832 Unused Serialized files (Serialized files now loaded: 0)
System memory in use before: 91.4 MB.
System memory in use after: 91.4 MB.

Unloading 12 unused Assets to reduce memory usage. Loaded Objects now: 2393.
Total: 4.646700 ms (FindLiveObjects: 0.312300 ms CreateObjectMapping: 0.155500 ms MarkObjects: 3.999000 ms  DeleteObjects: 0.177700 ms)

========================================================================
Received Prepare
Registering precompiled user dll's ...
Registered in 0.001479 seconds.
Begin MonoManager ReloadAssembly
Native extension for WindowsStandalone target not found
Refreshing native plugins compatible for Editor in 0.40 ms, found 1 plugins.
Preloading 0 native plugins for Editor in 0.00 ms.
Mono: successfully reloaded assembly
- Completed reload, in  1.686 seconds
Platform modules already initialized, skipping
Refreshing native plugins compatible for Editor in 0.76 ms, found 1 plugins.
Preloading 0 native plugins for Editor in 0.00 ms.
Unloading 1832 Unused Serialized files (Serialized files now loaded: 0)
System memory in use before: 91.4 MB.
System memory in use after: 91.4 MB.

Unloading 12 unused Assets to reduce memory usage. Loaded Objects now: 2397.
Total: 8.049700 ms (FindLiveObjects: 0.338300 ms CreateObjectMapping: 0.173100 ms MarkObjects: 7.355200 ms  DeleteObjects: 0.180800 ms)

========================================================================
Received Prepare
Registering precompiled user dll's ...
Registered in 0.002238 seconds.
Begin MonoManager ReloadAssembly
Native extension for WindowsStandalone target not found
Refreshing native plugins compatible for Editor in 0.85 ms, found 1 plugins.
Preloading 0 native plugins for Editor in 0.00 ms.
Mono: successfully reloaded assembly
- Completed reload, in  1.857 seconds
Platform modules already initialized, skipping
Refreshing native plugins compatible for Editor in 0.49 ms, found 1 plugins.
Preloading 0 native plugins for Editor in 0.00 ms.
Unloading 1832 Unused Serialized files (Serialized files now loaded: 0)
System memory in use before: 91.4 MB.
System memory in use after: 91.4 MB.

Unloading 12 unused Assets to reduce memory usage. Loaded Objects now: 2401.
Total: 3.224700 ms (FindLiveObjects: 0.507000 ms CreateObjectMapping: 0.125300 ms MarkObjects: 2.479600 ms  DeleteObjects: 0.107500 ms)

========================================================================
Received Prepare
Registering precompiled user dll's ...
Registered in 0.001738 seconds.
Begin MonoManager ReloadAssembly
Native extension for WindowsStandalone target not found
Refreshing native plugins compatible for Editor in 1.00 ms, found 1 plugins.
Preloading 0 native plugins for Editor in 0.00 ms.
Mono: successfully reloaded assembly
- Completed reload, in  1.510 seconds
Platform modules already initialized, skipping
Refreshing native plugins compatible for Editor in 0.40 ms, found 1 plugins.
Preloading 0 native plugins for Editor in 0.00 ms.
Unloading 1832 Unused Serialized files (Serialized files now loaded: 0)
System memory in use before: 91.4 MB.
System memory in use after: 91.4 MB.

Unloading 12 unused Assets to reduce memory usage. Loaded Objects now: 2405.
Total: 3.040700 ms (FindLiveObjects: 0.338200 ms CreateObjectMapping: 0.112300 ms MarkObjects: 2.473500 ms  DeleteObjects: 0.115400 ms)

========================================================================
Received Prepare
Registering precompiled user dll's ...
Registered in 0.001548 seconds.
Begin MonoManager ReloadAssembly
Native extension for WindowsStandalone target not found
Refreshing native plugins compatible for Editor in 0.43 ms, found 1 plugins.
Preloading 0 native plugins for Editor in 0.00 ms.
Mono: successfully reloaded assembly
- Completed reload, in  1.589 seconds
Platform modules already initialized, skipping
Refreshing native plugins compatible for Editor in 0.42 ms, found 1 plugins.
Preloading 0 native plugins for Editor in 0.00 ms.
Unloading 1832 Unused Serialized files (Serialized files now loaded: 0)
System memory in use before: 91.4 MB.
System memory in use after: 91.4 MB.

Unloading 12 unused Assets to reduce memory usage. Loaded Objects now: 2409.
Total: 2.964000 ms (FindLiveObjects: 0.239500 ms CreateObjectMapping: 0.123100 ms MarkObjects: 2.488800 ms  DeleteObjects: 0.110600 ms)

========================================================================
Received Prepare
Registering precompiled user dll's ...
Registered in 0.002084 seconds.
Begin MonoManager ReloadAssembly
Native extension for WindowsStandalone target not found
Refreshing native plugins compatible for Editor in 0.43 ms, found 1 plugins.
Preloading 0 native plugins for Editor in 0.00 ms.
Mono: successfully reloaded assembly
- Completed reload, in  1.602 seconds
Platform modules already initialized, skipping
Refreshing native plugins compatible for Editor in 1.74 ms, found 1 plugins.
Preloading 0 native plugins for Editor in 0.00 ms.
Unloading 1832 Unused Serialized files (Serialized files now loaded: 0)
System memory in use before: 91.4 MB.
System memory in use after: 91.4 MB.

Unloading 12 unused Assets to reduce memory usage. Loaded Objects now: 2413.
Total: 42.168000 ms (FindLiveObjects: 0.400700 ms CreateObjectMapping: 0.483900 ms MarkObjects: 41.005600 ms  DeleteObjects: 0.274700 ms)

========================================================================
Received Prepare
Registering precompiled user dll's ...
Registered in 0.003786 seconds.
Begin MonoManager ReloadAssembly
Native extension for WindowsStandalone target not found
Refreshing native plugins compatible for Editor in 1.06 ms, found 1 plugins.
Preloading 0 native plugins for Editor in 0.00 ms.
Mono: successfully reloaded assembly
- Completed reload, in  1.553 seconds
Platform modules already initialized, skipping
Refreshing native plugins compatible for Editor in 0.43 ms, found 1 plugins.
Preloading 0 native plugins for Editor in 0.00 ms.
Unloading 1832 Unused Serialized files (Serialized files now loaded: 0)
System memory in use before: 91.4 MB.
System memory in use after: 91.4 MB.

Unloading 12 unused Assets to reduce memory usage. Loaded Objects now: 2417.
Total: 3.299700 ms (FindLiveObjects: 0.388100 ms CreateObjectMapping: 0.176500 ms MarkObjects: 2.608900 ms  DeleteObjects: 0.124300 ms)

========================================================================
Received Import Request.
  Time since last request: 425.377778 seconds.
  path: Assets/useless/scene/level2.unity
  artifactKey: Guid(3e8ddc41ce39bd6419ceb685f1d79e2f) Importer(815301076,1909f56bfc062723c751e8b465ee728b)
Start importing Assets/useless/scene/level2.unity using Guid(3e8ddc41ce39bd6419ceb685f1d79e2f) Importer(815301076,1909f56bfc062723c751e8b465ee728b)  -> (artifact id: 'caef80edcaeeadecfcfa52168d2772be') in 0.064590 seconds 
========================================================================
Received Import Request.
  Time since last request: 9.129054 seconds.
  path: Assets/useless/scene/level1.unity
  artifactKey: Guid(ccbc541a46f6a2143837729b25a78edf) Importer(815301076,1909f56bfc062723c751e8b465ee728b)
Start importing Assets/useless/scene/level1.unity using Guid(ccbc541a46f6a2143837729b25a78edf) Importer(815301076,1909f56bfc062723c751e8b465ee728b)  -> (artifact id: 'fbfa91715709cc6186922aad9c8f9623') in 0.037705 seconds 
========================================================================
Received Prepare
Registering precompiled user dll's ...
Registered in 0.001320 seconds.
Begin MonoManager ReloadAssembly
Native extension for WindowsStandalone target not found
Refreshing native plugins compatible for Editor in 0.49 ms, found 1 plugins.
Preloading 0 native plugins for Editor in 0.00 ms.
Mono: successfully reloaded assembly
- Completed reload, in  1.743 seconds
Platform modules already initialized, skipping
Refreshing native plugins compatible for Editor in 0.49 ms, found 1 plugins.
Preloading 0 native plugins for Editor in 0.00 ms.
Unloading 1832 Unused Serialized files (Serialized files now loaded: 0)
System memory in use before: 91.5 MB.
System memory in use after: 91.5 MB.

Unloading 12 unused Assets to reduce memory usage. Loaded Objects now: 2421.
Total: 3.334700 ms (FindLiveObjects: 0.210900 ms CreateObjectMapping: 0.104500 ms MarkObjects: 2.899300 ms  DeleteObjects: 0.117900 ms)

========================================================================
Received Import Request.
  Time since last request: 364.096963 seconds.
  path: Assets/useless/scene/level1 1.unity
  artifactKey: Guid(2e6a7439bc90d2243aa53a2ef48f0325) Importer(815301076,1909f56bfc062723c751e8b465ee728b)
Start importing Assets/useless/scene/level1 1.unity using Guid(2e6a7439bc90d2243aa53a2ef48f0325) Importer(815301076,1909f56bfc062723c751e8b465ee728b)  -> (artifact id: '171760081f3e1b23062914f4d846bd37') in 0.033758 seconds 
========================================================================
Received Import Request.
  Time since last request: 9.591165 seconds.
  path: Assets/useless/scene/level3.unity
  artifactKey: Guid(ccbc541a46f6a2143837729b25a78edf) Importer(815301076,1909f56bfc062723c751e8b465ee728b)
Start importing Assets/useless/scene/level3.unity using Guid(ccbc541a46f6a2143837729b25a78edf) Importer(815301076,1909f56bfc062723c751e8b465ee728b)  -> (artifact id: 'dc63e32f070988b547b9c47d87974cdb') in 0.036022 seconds 
========================================================================
Received Import Request.
  Time since last request: 139.308952 seconds.
  path: Assets/useless/scene/level2original.unity
  artifactKey: Guid(3e8ddc41ce39bd6419ceb685f1d79e2f) Importer(815301076,1909f56bfc062723c751e8b465ee728b)
Start importing Assets/useless/scene/level2original.unity using Guid(3e8ddc41ce39bd6419ceb685f1d79e2f) Importer(815301076,1909f56bfc062723c751e8b465ee728b)  -> (artifact id: '39a520b495d9ea2293cda641aa81dc6f') in 0.015845 seconds 
========================================================================
Received Import Request.
  Time since last request: 10.180932 seconds.
  path: Assets/useless/scene/level2new.unity
  artifactKey: Guid(ccbc541a46f6a2143837729b25a78edf) Importer(815301076,1909f56bfc062723c751e8b465ee728b)
Start importing Assets/useless/scene/level2new.unity using Guid(ccbc541a46f6a2143837729b25a78edf) Importer(815301076,1909f56bfc062723c751e8b465ee728b)  -> (artifact id: '55967b45d6241ba5cdebdbe2975d7bae') in 0.018269 seconds 
========================================================================
Received Import Request.
  Time since last request: 48.837586 seconds.
  path: Assets/useless/scene/level2new.unity
  artifactKey: Guid(ccbc541a46f6a2143837729b25a78edf) Importer(815301076,1909f56bfc062723c751e8b465ee728b)
Start importing Assets/useless/scene/level2new.unity using Guid(ccbc541a46f6a2143837729b25a78edf) Importer(815301076,1909f56bfc062723c751e8b465ee728b)  -> (artifact id: 'ad33e2fc6803029e706b4e7c33fefb68') in 0.085075 seconds 
========================================================================
Received Import Request.
  Time since last request: 128.622779 seconds.
  path: Assets/useless/scene/level2new.unity
  artifactKey: Guid(ccbc541a46f6a2143837729b25a78edf) Importer(815301076,1909f56bfc062723c751e8b465ee728b)
Start importing Assets/useless/scene/level2new.unity using Guid(ccbc541a46f6a2143837729b25a78edf) Importer(815301076,1909f56bfc062723c751e8b465ee728b)  -> (artifact id: 'b9ee80983b884bf936a54b30142df90b') in 0.029712 seconds 
========================================================================
Received Import Request.
  Time since last request: 52.294137 seconds.
  path: Assets/useless/scene/level2new.unity
  artifactKey: Guid(ccbc541a46f6a2143837729b25a78edf) Importer(815301076,1909f56bfc062723c751e8b465ee728b)
Start importing Assets/useless/scene/level2new.unity using Guid(ccbc541a46f6a2143837729b25a78edf) Importer(815301076,1909f56bfc062723c751e8b465ee728b)  -> (artifact id: '4d7012d04118d8b3859bd6ef28f2557b') in 0.030169 seconds 
========================================================================
Received Prepare
Registering precompiled user dll's ...
Registered in 0.002219 seconds.
Begin MonoManager ReloadAssembly
Native extension for WindowsStandalone target not found
Refreshing native plugins compatible for Editor in 0.54 ms, found 1 plugins.
Preloading 0 native plugins for Editor in 0.00 ms.
Mono: successfully reloaded assembly
- Completed reload, in  1.638 seconds
Platform modules already initialized, skipping
Refreshing native plugins compatible for Editor in 0.66 ms, found 1 plugins.
Preloading 0 native plugins for Editor in 0.00 ms.
Unloading 1832 Unused Serialized files (Serialized files now loaded: 0)
System memory in use before: 91.5 MB.
System memory in use after: 91.5 MB.

Unloading 12 unused Assets to reduce memory usage. Loaded Objects now: 2425.
Total: 4.429700 ms (FindLiveObjects: 0.429500 ms CreateObjectMapping: 0.177000 ms MarkObjects: 3.631200 ms  DeleteObjects: 0.188400 ms)

========================================================================
Received Prepare
Registering precompiled user dll's ...
Registered in 0.001626 seconds.
Begin MonoManager ReloadAssembly
Native extension for WindowsStandalone target not found
Refreshing native plugins compatible for Editor in 0.47 ms, found 1 plugins.
Preloading 0 native plugins for Editor in 0.00 ms.
Mono: successfully reloaded assembly
- Completed reload, in  1.670 seconds
Platform modules already initialized, skipping
Refreshing native plugins compatible for Editor in 0.48 ms, found 1 plugins.
Preloading 0 native plugins for Editor in 0.00 ms.
Unloading 1832 Unused Serialized files (Serialized files now loaded: 0)
System memory in use before: 91.5 MB.
System memory in use after: 91.5 MB.

Unloading 12 unused Assets to reduce memory usage. Loaded Objects now: 2429.
Total: 3.131300 ms (FindLiveObjects: 0.270100 ms CreateObjectMapping: 0.177200 ms MarkObjects: 2.571300 ms  DeleteObjects: 0.110500 ms)

========================================================================
Received Prepare
Registering precompiled user dll's ...
Registered in 0.034878 seconds.
Begin MonoManager ReloadAssembly
Native extension for WindowsStandalone target not found
Refreshing native plugins compatible for Editor in 0.48 ms, found 1 plugins.
Preloading 0 native plugins for Editor in 0.00 ms.
Mono: successfully reloaded assembly
- Completed reload, in  2.187 seconds
Platform modules already initialized, skipping
Refreshing native plugins compatible for Editor in 0.88 ms, found 1 plugins.
Preloading 0 native plugins for Editor in 0.00 ms.
Unloading 1832 Unused Serialized files (Serialized files now loaded: 0)
System memory in use before: 91.5 MB.
System memory in use after: 91.5 MB.

Unloading 12 unused Assets to reduce memory usage. Loaded Objects now: 2433.
Total: 5.926900 ms (FindLiveObjects: 0.479200 ms CreateObjectMapping: 0.198000 ms MarkObjects: 5.044700 ms  DeleteObjects: 0.202700 ms)

========================================================================
Received Prepare
Registering precompiled user dll's ...
Registered in 0.002046 seconds.
Begin MonoManager ReloadAssembly
Native extension for WindowsStandalone target not found
Refreshing native plugins compatible for Editor in 0.53 ms, found 1 plugins.
Preloading 0 native plugins for Editor in 0.00 ms.
Mono: successfully reloaded assembly
- Completed reload, in  2.070 seconds
Platform modules already initialized, skipping
Refreshing native plugins compatible for Editor in 1.16 ms, found 1 plugins.
Preloading 0 native plugins for Editor in 0.00 ms.
Unloading 1832 Unused Serialized files (Serialized files now loaded: 0)
System memory in use before: 91.5 MB.
System memory in use after: 91.5 MB.

Unloading 12 unused Assets to reduce memory usage. Loaded Objects now: 2437.
Total: 6.764800 ms (FindLiveObjects: 0.389100 ms CreateObjectMapping: 0.200700 ms MarkObjects: 5.921000 ms  DeleteObjects: 0.250900 ms)

========================================================================
Received Prepare
Registering precompiled user dll's ...
Registered in 0.081538 seconds.
Begin MonoManager ReloadAssembly
Native extension for WindowsStandalone target not found
Refreshing native plugins compatible for Editor in 0.53 ms, found 1 plugins.
Preloading 0 native plugins for Editor in 0.00 ms.
Mono: successfully reloaded assembly
- Completed reload, in  2.702 seconds
Platform modules already initialized, skipping
Refreshing native plugins compatible for Editor in 0.57 ms, found 1 plugins.
Preloading 0 native plugins for Editor in 0.00 ms.
Unloading 1832 Unused Serialized files (Serialized files now loaded: 0)
System memory in use before: 91.5 MB.
System memory in use after: 91.5 MB.

Unloading 12 unused Assets to reduce memory usage. Loaded Objects now: 2441.
Total: 3.088800 ms (FindLiveObjects: 0.341700 ms CreateObjectMapping: 0.141300 ms MarkObjects: 2.482800 ms  DeleteObjects: 0.121100 ms)

========================================================================
Received Import Request.
  Time since last request: 4710.839891 seconds.
  path: Assets/useless/music
  artifactKey: Guid(9a7a6210f5d5e57488b12164e9c1acd6) Importer(815301076,1909f56bfc062723c751e8b465ee728b)
Start importing Assets/useless/music using Guid(9a7a6210f5d5e57488b12164e9c1acd6) Importer(815301076,1909f56bfc062723c751e8b465ee728b)  -> (artifact id: 'b36756c2840065e09219905a4837e2fb') in 0.326264 seconds 
========================================================================
Received Import Request.
  Time since last request: 1.171684 seconds.
  path: Assets/useless/music/Fluffing a Duck.mp3
  artifactKey: Guid(4b76e36aa45a55e49b836788ab201909) Importer(815301076,1909f56bfc062723c751e8b465ee728b)
Start importing Assets/useless/music/Fluffing a Duck.mp3 using Guid(4b76e36aa45a55e49b836788ab201909) Importer(815301076,1909f56bfc062723c751e8b465ee728b)  -> (artifact id: '00b98bc1a726b819e3304261312c341b') in 1.372435 seconds 
========================================================================
Received Import Request.
  Time since last request: 62.659075 seconds.
  path: Assets/useless/scene/level2new.unity
  artifactKey: Guid(ccbc541a46f6a2143837729b25a78edf) Importer(815301076,1909f56bfc062723c751e8b465ee728b)
Start importing Assets/useless/scene/level2new.unity using Guid(ccbc541a46f6a2143837729b25a78edf) Importer(815301076,1909f56bfc062723c751e8b465ee728b)  -> (artifact id: 'b6f3a84fa4349bdfb04b75588c27b35f') in 0.009384 seconds 
========================================================================
Received Prepare
Registering precompiled user dll's ...
Registered in 0.001922 seconds.
Begin MonoManager ReloadAssembly
Native extension for WindowsStandalone target not found
Refreshing native plugins compatible for Editor in 0.40 ms, found 1 plugins.
Preloading 0 native plugins for Editor in 0.00 ms.
Mono: successfully reloaded assembly
- Completed reload, in  1.790 seconds
Platform modules already initialized, skipping
Refreshing native plugins compatible for Editor in 0.39 ms, found 1 plugins.
Preloading 0 native plugins for Editor in 0.00 ms.
Unloading 1832 Unused Serialized files (Serialized files now loaded: 0)
System memory in use before: 91.6 MB.
System memory in use after: 91.6 MB.

Unloading 12 unused Assets to reduce memory usage. Loaded Objects now: 2448.
Total: 2.900800 ms (FindLiveObjects: 0.293300 ms CreateObjectMapping: 0.151500 ms MarkObjects: 2.341300 ms  DeleteObjects: 0.113500 ms)

========================================================================
Received Prepare
Registering precompiled user dll's ...
Registered in 0.001326 seconds.
Begin MonoManager ReloadAssembly
Native extension for WindowsStandalone target not found
Refreshing native plugins compatible for Editor in 0.41 ms, found 1 plugins.
Preloading 0 native plugins for Editor in 0.00 ms.
Mono: successfully reloaded assembly
- Completed reload, in  1.915 seconds
Platform modules already initialized, skipping
Refreshing native plugins compatible for Editor in 0.73 ms, found 1 plugins.
Preloading 0 native plugins for Editor in 0.00 ms.
Unloading 1832 Unused Serialized files (Serialized files now loaded: 0)
System memory in use before: 91.6 MB.
System memory in use after: 91.6 MB.

Unloading 12 unused Assets to reduce memory usage. Loaded Objects now: 2452.
Total: 4.113100 ms (FindLiveObjects: 0.347600 ms CreateObjectMapping: 0.187900 ms MarkObjects: 3.429400 ms  DeleteObjects: 0.146100 ms)

========================================================================
Received Prepare
Registering precompiled user dll's ...
Registered in 0.001334 seconds.
Begin MonoManager ReloadAssembly
Native extension for WindowsStandalone target not found
Refreshing native plugins compatible for Editor in 0.45 ms, found 1 plugins.
Preloading 0 native plugins for Editor in 0.00 ms.
Mono: successfully reloaded assembly
- Completed reload, in  1.648 seconds
Platform modules already initialized, skipping
Refreshing native plugins compatible for Editor in 0.66 ms, found 1 plugins.
Preloading 0 native plugins for Editor in 0.00 ms.
Unloading 1832 Unused Serialized files (Serialized files now loaded: 0)
System memory in use before: 91.6 MB.
System memory in use after: 91.6 MB.

Unloading 12 unused Assets to reduce memory usage. Loaded Objects now: 2456.
Total: 3.367300 ms (FindLiveObjects: 0.360800 ms CreateObjectMapping: 0.144800 ms MarkObjects: 2.736600 ms  DeleteObjects: 0.123300 ms)

========================================================================
Received Prepare
Registering precompiled user dll's ...
Registered in 0.001737 seconds.
Begin MonoManager ReloadAssembly
Native extension for WindowsStandalone target not found
Refreshing native plugins compatible for Editor in 0.45 ms, found 1 plugins.
Preloading 0 native plugins for Editor in 0.00 ms.
Mono: successfully reloaded assembly
- Completed reload, in  1.445 seconds
Platform modules already initialized, skipping
Refreshing native plugins compatible for Editor in 0.86 ms, found 1 plugins.
Preloading 0 native plugins for Editor in 0.00 ms.
Unloading 1832 Unused Serialized files (Serialized files now loaded: 0)
System memory in use before: 91.7 MB.
System memory in use after: 91.6 MB.

Unloading 12 unused Assets to reduce memory usage. Loaded Objects now: 2460.
Total: 4.746500 ms (FindLiveObjects: 0.420300 ms CreateObjectMapping: 0.292700 ms MarkObjects: 3.444600 ms  DeleteObjects: 0.585700 ms)

========================================================================
Received Import Request.
  Time since last request: 862.834810 seconds.
  path: Assets/useless/scene/level1 1.unity
  artifactKey: Guid(2e6a7439bc90d2243aa53a2ef48f0325) Importer(815301076,1909f56bfc062723c751e8b465ee728b)
Start importing Assets/useless/scene/level1 1.unity using Guid(2e6a7439bc90d2243aa53a2ef48f0325) Importer(815301076,1909f56bfc062723c751e8b465ee728b)  -> (artifact id: 'ebfcffa103adede4c348d9d58a057053') in 0.029631 seconds 
========================================================================
Received Prepare
Registering precompiled user dll's ...
Registered in 0.001308 seconds.
Begin MonoManager ReloadAssembly
Native extension for WindowsStandalone target not found
Refreshing native plugins compatible for Editor in 0.68 ms, found 1 plugins.
Preloading 0 native plugins for Editor in 0.00 ms.
Mono: successfully reloaded assembly
- Completed reload, in  1.805 seconds
Platform modules already initialized, skipping
Refreshing native plugins compatible for Editor in 0.45 ms, found 1 plugins.
Preloading 0 native plugins for Editor in 0.00 ms.
Unloading 1832 Unused Serialized files (Serialized files now loaded: 0)
System memory in use before: 91.7 MB.
System memory in use after: 91.7 MB.

Unloading 12 unused Assets to reduce memory usage. Loaded Objects now: 2464.
Total: 3.758200 ms (FindLiveObjects: 0.228900 ms CreateObjectMapping: 0.104400 ms MarkObjects: 3.235600 ms  DeleteObjects: 0.187600 ms)

========================================================================
Received Import Request.
  Time since last request: 110.053014 seconds.
  path: Assets/useless/script/Playercont.cs
  artifactKey: Guid(f52b848190e34b244b6fb308211c8961) Importer(815301076,1909f56bfc062723c751e8b465ee728b)
Start importing Assets/useless/script/Playercont.cs using Guid(f52b848190e34b244b6fb308211c8961) Importer(815301076,1909f56bfc062723c751e8b465ee728b)  -> (artifact id: 'c4aa3453b06e6b418a3629d418ab9e9e') in 0.007008 seconds 
========================================================================
Received Prepare
Registering precompiled user dll's ...
Registered in 0.001275 seconds.
Begin MonoManager ReloadAssembly
Native extension for WindowsStandalone target not found
Refreshing native plugins compatible for Editor in 0.39 ms, found 1 plugins.
Preloading 0 native plugins for Editor in 0.00 ms.
Mono: successfully reloaded assembly
- Completed reload, in  1.466 seconds
Platform modules already initialized, skipping
Refreshing native plugins compatible for Editor in 0.49 ms, found 1 plugins.
Preloading 0 native plugins for Editor in 0.00 ms.
Unloading 1832 Unused Serialized files (Serialized files now loaded: 0)
System memory in use before: 91.6 MB.
System memory in use after: 91.6 MB.

Unloading 12 unused Assets to reduce memory usage. Loaded Objects now: 2468.
Total: 4.348400 ms (FindLiveObjects: 0.473100 ms CreateObjectMapping: 0.204500 ms MarkObjects: 3.505400 ms  DeleteObjects: 0.162900 ms)

========================================================================
Received Import Request.
  Time since last request: 80.640013 seconds.
  path: Assets/useless/script/Playercont.cs
  artifactKey: Guid(f52b848190e34b244b6fb308211c8961) Importer(815301076,1909f56bfc062723c751e8b465ee728b)
Start importing Assets/useless/script/Playercont.cs using Guid(f52b848190e34b244b6fb308211c8961) Importer(815301076,1909f56bfc062723c751e8b465ee728b)  -> (artifact id: '6c1858690caedcb31e43359f353e56fe') in 0.009391 seconds 
========================================================================
Received Prepare
Registering precompiled user dll's ...
Registered in 0.002256 seconds.
Begin MonoManager ReloadAssembly
Native extension for WindowsStandalone target not found
Refreshing native plugins compatible for Editor in 0.62 ms, found 1 plugins.
Preloading 0 native plugins for Editor in 0.00 ms.
Mono: successfully reloaded assembly
- Completed reload, in  1.823 seconds
Platform modules already initialized, skipping
Refreshing native plugins compatible for Editor in 0.56 ms, found 1 plugins.
Preloading 0 native plugins for Editor in 0.00 ms.
Unloading 1833 Unused Serialized files (Serialized files now loaded: 0)
System memory in use before: 91.6 MB.
System memory in use after: 91.6 MB.

Unloading 12 unused Assets to reduce memory usage. Loaded Objects now: 2473.
Total: 3.176600 ms (FindLiveObjects: 0.213500 ms CreateObjectMapping: 0.089500 ms MarkObjects: 2.736100 ms  DeleteObjects: 0.135100 ms)

========================================================================
Received Import Request.
  Time since last request: 117.894158 seconds.
  path: Assets/useless/script/levelup.cs
  artifactKey: Guid(2941813ecab8b7541b54b30eafe4c1cf) Importer(815301076,1909f56bfc062723c751e8b465ee728b)
Start importing Assets/useless/script/levelup.cs using Guid(2941813ecab8b7541b54b30eafe4c1cf) Importer(815301076,1909f56bfc062723c751e8b465ee728b)  -> (artifact id: '234599e3035581e1ff9dc7fa20d95be1') in 0.072119 seconds 
========================================================================
Received Prepare
Registering precompiled user dll's ...
Registered in 0.089686 seconds.
Begin MonoManager ReloadAssembly
Native extension for WindowsStandalone target not found
Refreshing native plugins compatible for Editor in 0.53 ms, found 1 plugins.
Preloading 0 native plugins for Editor in 0.00 ms.
Mono: successfully reloaded assembly
- Completed reload, in  2.092 seconds
Platform modules already initialized, skipping
Refreshing native plugins compatible for Editor in 0.68 ms, found 1 plugins.
Preloading 0 native plugins for Editor in 0.00 ms.
Unloading 1833 Unused Serialized files (Serialized files now loaded: 0)
System memory in use before: 91.7 MB.
System memory in use after: 91.7 MB.

Unloading 12 unused Assets to reduce memory usage. Loaded Objects now: 2477.
Total: 3.778100 ms (FindLiveObjects: 0.254400 ms CreateObjectMapping: 0.109000 ms MarkObjects: 3.296000 ms  DeleteObjects: 0.116300 ms)

========================================================================
Received Import Request.
  Time since last request: 320.458996 seconds.
  path: Assets/useless/scene/level2new.unity
  artifactKey: Guid(ccbc541a46f6a2143837729b25a78edf) Importer(815301076,1909f56bfc062723c751e8b465ee728b)
Start importing Assets/useless/scene/level2new.unity using Guid(ccbc541a46f6a2143837729b25a78edf) Importer(815301076,1909f56bfc062723c751e8b465ee728b)  -> (artifact id: '183998f8b3173b85b1ffea177c489cf9') in 0.019399 seconds 
========================================================================
Received Import Request.
  Time since last request: 6.457860 seconds.
  path: Assets/useless/scene/lv2.unity
  artifactKey: Guid(ccbc541a46f6a2143837729b25a78edf) Importer(815301076,1909f56bfc062723c751e8b465ee728b)
Start importing Assets/useless/scene/lv2.unity using Guid(ccbc541a46f6a2143837729b25a78edf) Importer(815301076,1909f56bfc062723c751e8b465ee728b)  -> (artifact id: '934cd10844ce90a10e979251f6395419') in 0.057553 seconds 
========================================================================
Received Import Request.
  Time since last request: 35.207958 seconds.
  path: Assets/useless/scene/level1 1.unity
  artifactKey: Guid(2e6a7439bc90d2243aa53a2ef48f0325) Importer(815301076,1909f56bfc062723c751e8b465ee728b)
Start importing Assets/useless/scene/level1 1.unity using Guid(2e6a7439bc90d2243aa53a2ef48f0325) Importer(815301076,1909f56bfc062723c751e8b465ee728b)  -> (artifact id: 'd98a5d3757fc5936613e3b2e05a82c97') in 0.016835 seconds 
========================================================================
Received Prepare
Registering precompiled user dll's ...
Registered in 0.001340 seconds.
Begin MonoManager ReloadAssembly
Native extension for WindowsStandalone target not found
Refreshing native plugins compatible for Editor in 0.92 ms, found 1 plugins.
Preloading 0 native plugins for Editor in 0.00 ms.
Mono: successfully reloaded assembly
- Completed reload, in  1.675 seconds
Platform modules already initialized, skipping
Refreshing native plugins compatible for Editor in 0.42 ms, found 1 plugins.
Preloading 0 native plugins for Editor in 0.00 ms.
Unloading 1833 Unused Serialized files (Serialized files now loaded: 0)
System memory in use before: 91.7 MB.
System memory in use after: 91.7 MB.

Unloading 12 unused Assets to reduce memory usage. Loaded Objects now: 2481.
Total: 3.221100 ms (FindLiveObjects: 0.377200 ms CreateObjectMapping: 0.231600 ms MarkObjects: 2.493500 ms  DeleteObjects: 0.116800 ms)

========================================================================
Received Prepare
Registering precompiled user dll's ...
Registered in 0.001323 seconds.
Begin MonoManager ReloadAssembly
Native extension for WindowsStandalone target not found
Refreshing native plugins compatible for Editor in 0.41 ms, found 1 plugins.
Preloading 0 native plugins for Editor in 0.00 ms.
Mono: successfully reloaded assembly
- Completed reload, in  1.848 seconds
Platform modules already initialized, skipping
Refreshing native plugins compatible for Editor in 1.00 ms, found 1 plugins.
Preloading 0 native plugins for Editor in 0.00 ms.
Unloading 1833 Unused Serialized files (Serialized files now loaded: 0)
System memory in use before: 91.7 MB.
System memory in use after: 91.7 MB.

Unloading 12 unused Assets to reduce memory usage. Loaded Objects now: 2485.
Total: 5.592700 ms (FindLiveObjects: 0.394300 ms CreateObjectMapping: 0.184700 ms MarkObjects: 4.823600 ms  DeleteObjects: 0.188100 ms)

========================================================================
Received Prepare
Registering precompiled user dll's ...
Registered in 0.001314 seconds.
Begin MonoManager ReloadAssembly
Native extension for WindowsStandalone target not found
Refreshing native plugins compatible for Editor in 0.73 ms, found 1 plugins.
Preloading 0 native plugins for Editor in 0.00 ms.
Mono: successfully reloaded assembly
- Completed reload, in  3.725 seconds
Platform modules already initialized, skipping
Refreshing native plugins compatible for Editor in 3.17 ms, found 1 plugins.
Preloading 0 native plugins for Editor in 0.00 ms.
Unloading 1834 Unused Serialized files (Serialized files now loaded: 0)
System memory in use before: 91.7 MB.
System memory in use after: 91.7 MB.

Unloading 12 unused Assets to reduce memory usage. Loaded Objects now: 2490.
Total: 7.400600 ms (FindLiveObjects: 0.666900 ms CreateObjectMapping: 0.252100 ms MarkObjects: 6.210700 ms  DeleteObjects: 0.268100 ms)

========================================================================
Received Import Request.
  Time since last request: 254.795497 seconds.
  path: Assets/useless/script/Lvup3.cs
  artifactKey: Guid(41df9d7c6aeb842419dc58e91722a4c5) Importer(815301076,1909f56bfc062723c751e8b465ee728b)
Start importing Assets/useless/script/Lvup3.cs using Guid(41df9d7c6aeb842419dc58e91722a4c5) Importer(815301076,1909f56bfc062723c751e8b465ee728b)  -> (artifact id: 'a3c939c96ddcff1b2423692cf2b63694') in 0.234908 seconds 
========================================================================
Received Import Request.
  Time since last request: 130.247859 seconds.
  path: Assets/useless/script/Lvup3.cs
  artifactKey: Guid(41df9d7c6aeb842419dc58e91722a4c5) Importer(815301076,1909f56bfc062723c751e8b465ee728b)
Start importing Assets/useless/script/Lvup3.cs using Guid(41df9d7c6aeb842419dc58e91722a4c5) Importer(815301076,1909f56bfc062723c751e8b465ee728b)  -> (artifact id: 'b88a9bf193e17c3f93095012608fb84d') in 0.047761 seconds 
AssetImportWorkerClient::OnTransportError - code=2 error=End of file
